<?xml version="1.0" encoding="UTF-8"?>
<!-- Generated by org.testng.reporters.JUnitReportReporter -->
<testsuite hostname="DESKTOP-6V1ADU5" failures="0" tests="1" name="jpetStore.UIDemo" time="13.510" errors="0" timestamp="2025-02-21T19:52:34 IST" skipped="0">
  <testcase classname="jpetStore.UIDemo" name="verifyPageTitle" time="13.510"/>
</testsuite> <!-- jpetStore.UIDemo -->
